24137 212741 383
622811 705104 509
823501 913975 525
712940 717226 380
100815 898782 525
544509 725095 509
248093 293283 407
616050 743680 509
153543 400738 443
948725 991881 458
535050 822485 509
667204 944402 525
638480 743738 504
247097 284575 407
492785 668316 509
948252 986284 458
682576 888753 525
125467 250489 443
638979 913363 525
952936 955304 414
207110 843669 525
390109 681330 509
130687 216149 383
880612 965649 507
939442 943347 507
261907 862482 525
800029 868993 525
307093 657411 509
83338 687760 509
764130 903577 525
181231 713521 509
870971 950029 507
556659 702960 509
230577 381537 443
972318 986468 427
644173 910457 525
915694 929295 476
734448 994578 525
720455 914363 525
373989 941402 525
555287 557308 359
114948 846369 525
103186 234038 443
659572 946632 525
208890 659171 509
196323 690228 509
498078 571484 470
348537 784533 509
382756 720414 509
184684 270673 443
12189 423984 449
741873 842438 525
551734 707492 509
460142 608271 470
719056 963905 525
44138 882717 525
963374 983430 458
88349 211284 383
404482 420920 449
266574 667340 509
127076 966318 525
614451 767782 509
46485 198016 383
615017 831412 509
75854 711970 509
733232 857435 525
157565 337105 443
973603 997092 427
133667 316092 443
99146 759788 509
715601 741891 424
443505 812719 509
762872 809755 468
165600 994916 525
28387 416522 449
478964 896604 525
392532 727709 509
443860 563634 470
26971 986445 525
111103 539840 470
8285 32692 308
291983 929323 525
723808 749355 424
64120 367533 443
154289 966607 525
822223 854117 525
532272 747067 509
533096 745522 509
885837 949364 507
37874 255931 443
387185 612342 470
252950 647936 509
788107 824242 468
516961 528280 439
440234 872686 525
234811 800975 509
821207 906665 525
417120 883551 525
479966 864321 525
814587 858132 525
247421 346371 441
446612 798312 509
804411 938156 525
958341 958633 321
806923 877096 525
504650 723352 509
237469 781349 509
831061 986267 525
87202 929616 525
233490 359009 441
525167 714920 509
959200 996286 458
212710 579663 470
433179 824292 509
676669 695961 442
203050 999731 525
992566 999803 440
512330 674808 509
287781 623224 470
305633 977533 525
866253 918571 476
17861 695978 509
415497 565904 470
21901 715642 509
399679 704684 509
32732 729175 509
448716 796502 509
612232 984637 525
397864 481917 449
116148 188992 383
671059 704737 504
896507 928447 476
177744 437232 449
323785 959217 525
124742 246332 443
740745 922369 525
462683 600745 470
124921 828153 509
572382 816913 509
386435 740238 509
666061 715933 504
833142 879719 525
528894 676365 509
359881 910433 525
215185 845223 525
823055 836250 419
601251 709790 509
540091 570741 452
694392 804382 504
297528 391536 441
499677 923419 525
324106 967043 525
654800 741852 504
675775 942141 525
589986 648534 509
42971 151570 375
266662 737033 509
693661 980154 525
332780 764751 509
896413 979418 507
450159 888220 525
571104 868403 525
491842 990131 525
1233 327815 443
167865 494889 449
163050 431436 449
897058 929663 476
95574 656536 509
301640 457377 449
577900 991177 525
186401 792296 509
174805 423394 449
145403 324356 443
107278 194423 383
449227 956498 525
22593 671217 509
340308 619096 470
75732 773558 509
914 979568 525
158736 580473 470
541603 993324 525
707179 935251 525
303545 350488 441
550765 919119 525
788252 796672 468
723453 798981 468
743987 849308 525
719097 983627 525
347382 409769 436
613397 753026 509
700022 932067 525
742702 943430 525
519770 954626 525
638916 795276 504
580008 620707 447
55054 924446 525
998584 999909 396
83928 920016 525
14989 899907 525
666163 669703 367
727154 978873 525
952838 992461 458
121326 692505 509
702895 824962 504
791427 885284 525
509202 855912 525
187935 426154 449
582585 988708 525
309436 415736 449
444929 841558 525
909951 977374 507
706819 741148 424
410525 966131 525
474213 609119 470
716592 934804 525
32969 294084 443
374030 708114 509
360921 773885 509
684075 819703 504
124473 729104 509
488909 510319 426
163082 851775 525
549989 782292 509
366216 597948 470
180892 432221 449
303733 509211 449
570663 968059 525
114966 689043 509
953739 971688 458
24011 781236 509
862240 996276 507
449057 455518 387
189359 506149 449
275132 677520 509
373507 656788 509
922820 928103 476
943734 946161 383
736268 840411 525
724404 933482 525
935519 990379 507
468544 885377 525
543789 629121 509
423478 481415 444
568455 785622 509
320883 586443 470
775649 891458 525
937033 948396 507
991643 995142 365
791555 900666 525
201363 961765 525
669543 989622 525
386347 586653 470
957100 982475 458
692526 816092 504
989825 998636 440
108533 220847 386
854045 878322 432
992935 993233 290
639875 778363 504
888652 923345 476
547986 893223 525
596453 864689 525
167857 561150 470
989239 993235 352
261693 346824 441
623144 838855 525
835133 898911 525
132977 465339 449
206097 370722 443
211408 750609 509
230547 548947 470
894004 986353 507
954996 987335 458
743296 813927 468
628324 808215 504
886727 945059 507
631074 634415 385
504539 581859 470
690823 958325 525
301337 745855 509
832249 984009 525
439554 463165 444
341252 392489 441
472963 907589 525
317471 880528 525
774066 990791 525
662298 965335 525
36127 845035 525
656291 825277 504
273768 642061 509
531703 602078 452
758791 903655 525
893165 947775 507
205674 219110 386
997750 999253 440
689323 725365 504
748414 947873 525
529846 784501 509
737847 846698 525
445863 721194 509
881294 980424 507
594882 794276 509
87677 640343 509
236058 238048 350
848599 870786 419
28423 368958 443
831367 974743 525
688214 883490 525
218486 777270 509
392070 602945 470
518179 601630 452
362008 442407 449
402522 469802 449
208527 841899 525
720119 887110 525
663344 851902 525
454716 796002 509
296186 469076 449
63589 210957 383
206456 735443 509
316230 864149 525
303960 431655 449
41592 848273 525
891475 929601 476
362454 629786 509
273008 550170 470
11910 13760 276
24459 727899 509
443296 984040 525
478696 985503 525
143435 453140 449
188382 638075 509
782100 983825 525
818869 888890 525
772396 884752 525
926327 939873 507
19604 71705 340
722771 896784 525
210461 732539 509
708253 807831 468
117815 135581 344
538435 705491 509
869204 917334 476
526805 740555 509
959835 973601 458
326861 841102 525
761366 990068 525
833027 875985 525
916809 926773 445
687200 901184 525
813813 910730 525
503794 636316 509
12541 186600 383
343419 351096 441
531001 822335 509
170180 196053 365
373847 765802 509
585647 697883 509
271471 314310 389
598377 808926 509
535272 692173 509
49041 314683 443
863379 872669 432
65811 641851 509
62997 149157 375
837440 903483 525
753829 920500 525
728387 958478 525
849851 889901 445
65628 187160 383
406779 898768 525
670217 879351 525
631096 845821 525
325445 955990 525
620589 824765 509
754949 878008 525
187074 958625 525
101043 579875 470
897401 998172 507
704041 854763 525
868333 978166 507
970237 975825 458
827537 871502 525
610817 912906 525
109959 140770 349
387037 441088 449
488812 587359 470
819704 861490 525
606161 786491 509
590355 590546 266
252861 277528 407
584966 741936 509
272693 988860 525
435440 864469 525
523118 864733 525
879366 951414 507
242085 467660 449
310875 825434 509
840842 908316 445
489221 923409 525
535009 711246 509
177747 925527 525
204998 983494 525
665001 839773 525
557044 855771 525
913713 924641 445
406890 442569 449
551916 614554 434
915687 931410 476
782034 925096 525
965698 993432 458
995990 999217 440
319776 945234 525
51987 374201 443
941437 998718 458
430935 742732 509
345368 637014 509
376865 466924 449
898242 961693 507
552584 830788 509
429434 522298 470
662598 978945 525
579481 862094 525
693554 875209 525
747519 914049 525
653387 675087 442
4260 409323 443
551236 594985 434
900638 956367 507
947850 962709 414
839728 919602 476
18200 801889 509
424666 836960 509
81347 842874 525
458653 618045 470
26258 635733 509
141348 962125 525
331218 572264 470
415229 494288 444
188589 746849 509
37269 360879 443
749108 880176 525
772768 877854 525
322403 628945 509
560989 617114 447
253372 410125 449
98510 621152 470
247889 920227 525
241421 415065 449
672354 946192 525
463628 680449 509
639374 938844 525
801040 871901 525
208125 232968 443
127309 241010 443
174533 199109 365
486930 785211 509
983606 989494 427
778200 850249 525
536812 652491 509
356480 806655 509
25770 97153 351
189856 876303 525
945531 952077 414
812823 947261 525
79421 635221 509
769214 994776 525
675740 863504 525
635716 909425 525
625076 897862 525
987930 991947 352
827678 990275 525
801417 848688 525
334474 741662 509
746055 758747 424
524165 739794 509
478341 750543 509
365068 522897 470
360810 798593 509
711901 816909 468
757688 959480 525
534602 562014 452
822208 967886 525
326940 900184 525
49530 125345 354
815297 919029 525
170034 847597 525
568763 974972 525
928291 949214 507
162347 562994 470
510403 805788 509
127631 391326 443
230352 933121 525
448979 864438 525
332017 833621 509
485373 863935 525
399375 784298 509
238924 532430 470
558174 583385 421
549983 550866 346
743189 765126 424
719447 910004 525
142374 915090 525
487857 557882 470
560702 682268 509
647135 911659 525
180305 721778 509
827465 864121 525
828213 958216 525
449742 859144 525
895753 974601 507
560211 942441 525
928360 962794 507
524050 924684 525
655744 926561 525
259236 844549 525
486402 683759 509
484694 863440 525
772336 982073 525
983669 985105 383
79355 621022 470
475424 861611 525
861999 992956 507
221416 767842 509
662326 714175 504
795459 931057 525
330186 820967 509
211586 326689 443
67398 163358 383
632705 953994 525
571415 906653 525
104626 401188 443
201070 780432 509
674338 790736 504
877579 957221 507
354654 915073 525
720795 747764 424
116935 732270 509
973649 989749 427
997825 999086 396
905292 931927 476
789595 849504 525
611420 765258 509
223314 234862 443
976017 980841 383
896501 914102 476
516799 851473 525
428541 506554 444
77460 213444 383
210488 388943 443
87362 103768 341
888050 916894 476
267199 466219 449
606488 613877 403
691057 854367 525
29583 200561 383
506602 540791 470
996392 996860 352
598724 760822 509
404737 651583 509
838385 970664 507
900549 973691 507
114437 252929 443
334952 429378 449
458461 481115 444
679949 991852 525
369078 797621 509
563581 641611 509
414192 545954 470
472411 849415 525
961072 999401 458
999092 999544 396
842321 883731 432
990336 996635 365
389133 399785 436
458722 795841 509
933921 957025 507
86758 246731 443
678705 691348 398
814751 879027 525
319407 953984 525
136938 202155 383
569609 791678 509
271993 332491 389
283758 805086 509
123558 547430 470
136729 933709 525
743999 945292 525
694076 806160 504
572340 926797 525
216102 709617 509
548820 755895 509
223440 962114 525
485715 852535 525
385603 978106 525
130269 209184 383
648856 987279 525
861609 897419 445
961476 975160 458
609515 861707 525
417858 824739 509
227699 317362 443
361945 506327 449
947847 951371 414
577118 687610 509
443008 463899 444
91007 350325 443
691207 914765 525
878807 960259 507
381482 711088 509
394408 581717 470
905133 963975 507
247805 419630 449
431894 873245 525
831073 869630 525
550303 603328 434
60564 651348 509
598323 922108 525
320403 561968 470
930121 972590 507
884646 967573 507
682667 741095 504
17858 130456 354
19125 465405 449
847659 902627 445
744390 768642 468
784212 924126 525
8551 739061 509
614539 905726 525
979707 988247 427
769246 957099 525
361937 475398 449
202641 855629 525
140195 368753 443
265605 597939 470
222891 779831 509
648007 979987 525
420973 532625 470
925646 990121 507
56621 944816 525
363506 874074 525
877803 959577 507
639632 789420 504
587884 790088 509
497117 909595 525
175920 324861 443
901657 960432 507
690330 857879 525
437118 705374 509
988067 996224 365
257276 938615 525
545057 870233 525
700325 708855 504
476031 635409 509
241281 703671 509
239969 483598 449
676955 729773 504
139864 686292 509
526291 964472 525
795143 897467 525
376035 968872 525
422452 441479 418
443655 582977 470
357356 534389 470
372799 524160 470
719719 820427 468
142598 298824 443
768802 982020 525
128152 141777 344
436448 727486 509
853139 957394 507
380715 619542 470
629973 794526 504
183169 253386 443
858356 861311 370
450008 629491 509
379360 810302 509
900109 968170 507
791698 844044 525
648882 860923 525
458341 785484 509
336926 707754 509
653363 687477 442
585469 950886 525
967216 977196 458
483366 598872 470
523640 544589 408
264131 494657 449
285973 537512 470
835531 904113 525
492927 719163 509
891288 924107 476
353003 950030 525
640181 682070 442
208471 776571 509
532456 704727 509
677515 990662 525
82519 620137 470
682411 983725 525
609358 794324 509
518784 598465 452
335266 876495 525
868904 948662 507
814814 975589 525
28071 965802 525
363762 688573 509
967685 987392 458
912098 990848 507
612942 841637 525
731735 940206 525
155500 952544 525
473177 477557 382
414220 723787 509
924660 988400 507
473700 505276 426
931872 948452 507
116598 283919 443
540411 548510 452
689218 807067 504
374915 704904 509
169135 347859 443
851095 951005 507
247903 432702 449
116049 862454 525
909525 912920 476
297859 896781 525
966487 981717 458
445433 920770 525
547436 976751 525
623430 691694 509
394159 635938 509
552119 632834 509
540943 633792 509
564655 953267 525
935111 946541 507
316107 750610 509
277858 284316 358
362199 769650 509
340274 435671 449
968867 985431 458
718663 894227 525
369984 405241 436
908918 970903 507
959222 977308 458
238020 506384 449
799737 926504 525
482283 855050 525
553170 864561 525
452230 841712 525
552519 995058 525
866074 885327 432
597678 625794 447
226892 558520 470
890361 960099 507
588298 795575 509
105848 348326 443
134317 663627 509
123140 208218 383
687138 929180 525
966738 978693 458
359065 569412 470
941162 999225 458
872383 964339 507
133366 937242 525
664794 880353 525
939492 944686 507
781516 809207 468
732039 794886 468
451237 470386 444
407138 518644 470
699374 873103 525
660100 995962 525
410283 978566 525
667195 962278 525
35943 95512 351
394451 621269 470
795885 977175 525
91965 645543 509
206614 713761 509
641156 713830 504
833231 846788 525
193350 476574 449
998248 998280 228
665028 818014 504
201200 728810 509
544532 946423 525
142028 631472 509
253621 670116 509
773251 929570 525
996171 996614 352
922013 991063 507
70965 874922 525
650982 786243 504
248179 890880 525
786077 946004 525
932405 984512 507
536405 613626 452
599060 946906 525
869493 992578 507
845413 846682 313
260364 383937 441
765746 832989 468
262434 685164 509
931150 945242 507
757363 967661 525
365415 673733 509
656838 714023 504
954517 998317 458
759389 840793 525
409382 647209 509
617109 689181 509
29805 175521 383
72084 78301 351
757331 930349 525
785713 892912 525
522869 838360 525
560552 989454 525
977998 990979 427
55239 253113 443
879932 967652 507
23773 436549 449
880594 911809 476
45321 881852 525
35160 986855 525
562392 820409 509
553095 811663 509
111614 852125 525
444651 999349 525
910027 988603 507
45318 329280 443
54963 856596 525
556863 774517 509
916272 982294 507
501416 896256 525
750382 772799 468
72000 309067 443
136334 417984 449
900103 926989 476
35621 182463 383
917027 925254 445
823349 824865 375
956163 984863 458
313087 947263 525
658896 883667 525
827558 904298 525
11186 922226 525
819924 968969 525
371481 443989 449
85107 483017 449
718060 884539 525
191526 916818 525
96573 475394 449
981160 984129 383
16521 649674 509
8746 18920 279
98910 789486 509
361886 784500 509
765355 921202 525
515580 568806 452
912262 989173 507
932554 980530 507
194830 930929 525
22921 519048 470
465621 747621 509
152153 177475 383
874657 990291 507
152056 408919 443
396292 898692 525
643522 981490 525
764799 786688 468
59075 874423 525
117092 681373 509
315716 665976 509
812775 825494 450
175047 568959 470
753651 805381 468
464947 720318 509
311582 384072 441
43349 416874 449
396780 570512 470
149712 211088 383
135208 647510 509
865488 969330 507
119182 226159 386
2462 570642 470
125541 338977 443
101568 745496 509
847967 905533 445
400778 426694 449
207612 770377 509
657606 989664 525
32486 582104 470
144382 695008 509
534682 562906 452
797330 912561 525
627533 672175 442
999521 999864 290
19568 237406 443
488237 929106 525
665184 823127 504
914541 916235 370
888797 890546 370
213327 457215 449
718945 834654 468
54756 161426 383
650839 965162 525
117326 994252 525
342339 697882 509
802977 941414 525
339817 753504 509
309627 588342 470
271806 398149 441
494937 994986 525
894539 897724 370
782835 900689 525
743645 885089 525
796508 991825 525
819867 874384 525
167552 635485 509
587226 791107 509
227126 901949 525
736914 782767 468
272010 342448 389
913440 923667 445
534481 708480 509
544224 703751 509
403653 786374 509
768875 865128 525
512686 548967 452
289698 563124 470
216204 331170 443
216157 798388 509
652818 963250 525
29773 470535 449
240507 410942 449
656049 678246 442
238510 879346 525
258986 509015 449
549654 678919 509
110330 118469 349
492847 714565 509
391854 424018 449
153653 552492 470
693690 770140 504
982547 998337 440
312436 961120 525
827281 962283 525
421631 913598 525
102206 724278 509
669432 699934 442
98315 907145 525
288301 466126 449
843979 862193 419
81838 771736 509
717646 935667 525
402376 771182 509
898805 935507 476
918722 918973 339
152900 333688 443
688545 991870 525
988979 991172 352
946763 990432 458
225024 335559 443
445141 790914 509
277658 470751 449
206350 643098 509
690919 799612 504
674185 929264 525
65808 873711 525
818089 902845 525
696270 825042 504
491981 807358 509
844727 934671 476
712792 913692 525
717641 732176 411
868646 951269 507
549255 758928 509
880538 995825 507
584767 934988 525
970319 996599 458
70497 312814 443
240818 326407 407
39167 659222 509
73077 633743 509
251593 323852 407
83765 278089 443
767178 949439 525
291582 525822 470
15739 489922 449
46385 578873 470
337219 570933 470
461988 818169 509
40840 404330 443
699894 705582 504
99688 809048 509
794830 945413 525
877637 958120 507
425505 783680 509
281057 940251 525
126406 352861 443
